<?xml version="1.0" encoding="UTF-8"?>
<!-- Generated by org.testng.reporters.JUnitReportReporter -->
<testsuite skipped="0" hostname="P10-PC-006" name="rest.basic.testing.PostRequest" tests="1" failures="0" timestamp="04 Jun 2018 12:06:55 GMT" time="2.665" errors="0">
  <testcase name="validateResponse" time="2.665" classname="rest.basic.testing.PostRequest"/>
</testsuite> <!-- rest.basic.testing.PostRequest -->
