<?xml version="1.0" encoding="UTF-8"?>
<!-- Generated by org.testng.reporters.JUnitReportReporter -->
<testsuite skipped="0" hostname="P10-PC-006" name="rest.basic.testing.ValidateResponse" tests="1" failures="0" timestamp="31 May 2018 11:27:41 GMT" time="3.577" errors="0">
  <testcase name="validateResponse" time="3.577" classname="rest.basic.testing.ValidateResponse"/>
</testsuite> <!-- rest.basic.testing.ValidateResponse -->
